{"numFailedTestSuites":0,"numFailedTests":0,"numPassedTestSuites":1,"numPassedTests":6,"numPendingTestSuites":0,"numPendingTests":0,"numRuntimeErrorTestSuites":0,"numTotalTestSuites":1,"numTotalTests":6,"snapshot":{"added":0,"didUpdate":false,"failure":false,"filesAdded":0,"filesRemoved":0,"filesUnmatched":0,"filesUpdated":0,"matched":4,"total":4,"unchecked":0,"unmatched":0,"updated":0},"startTime":1512497651348,"success":true,"testResults":[{"console":null,"failureMessage":null,"numFailingTests":0,"numPassingTests":6,"numPendingTests":0,"perfStats":{"end":1512497652317,"start":1512497651754},"snapshot":{"added":0,"fileDeleted":false,"matched":4,"unchecked":0,"unmatched":0,"updated":0},"testFilePath":"/Users/BTENG/_DEVELOP/styled-components/src/models/test/StyleSheetManager.test.js","testResults":[{"ancestorTitles":["StyleSheetManager"],"duration":26,"failureMessages":[],"fullName":"StyleSheetManager should use given stylesheet instance","numPassingAsserts":0,"status":"passed","title":"should use given stylesheet instance"},{"ancestorTitles":["StyleSheetManager"],"duration":7,"failureMessages":[],"fullName":"StyleSheetManager should render its child","numPassingAsserts":0,"status":"passed","title":"should render its child"},{"ancestorTitles":["StyleSheetManager"],"duration":12,"failureMessages":[],"fullName":"StyleSheetManager should append style to given target","numPassingAsserts":0,"status":"passed","title":"should append style to given target"},{"ancestorTitles":["StyleSheetManager"],"duration":17,"failureMessages":[],"fullName":"StyleSheetManager should append style to given target in iframe","numPassingAsserts":0,"status":"passed","title":"should append style to given target in iframe"},{"ancestorTitles":["StyleSheetManager"],"duration":8,"failureMessages":[],"fullName":"StyleSheetManager should apply styles to appropriate targets for nested StyleSheetManagers","numPassingAsserts":0,"status":"passed","title":"should apply styles to appropriate targets for nested StyleSheetManagers"},{"ancestorTitles":["StyleSheetManager","ssr"],"duration":5,"failureMessages":[],"fullName":"StyleSheetManager ssr should extract CSS outside the nested StyleSheetManager","numPassingAsserts":0,"status":"passed","title":"should extract CSS outside the nested StyleSheetManager"}],"sourceMaps":{},"skipped":false}],"wasInterrupted":false}